\BOOKMARK [0][-]{chapter.1}{Introduction}{}% 1
\BOOKMARK [1][-]{section.1.1}{Motivation}{chapter.1}% 2
\BOOKMARK [1][-]{section.1.2}{Contributions}{chapter.1}% 3
\BOOKMARK [1][-]{section.1.3}{Structure of this Document}{chapter.1}% 4
\BOOKMARK [0][-]{chapter.2}{Related Work}{}% 5
\BOOKMARK [1][-]{section.2.1}{Data Security}{chapter.2}% 6
\BOOKMARK [2][-]{subsection.2.1.1}{Data Protection Goals}{section.2.1}% 7
\BOOKMARK [2][-]{subsection.2.1.2}{Examples of Data Security Breaches}{section.2.1}% 8
\BOOKMARK [1][-]{section.2.2}{Data Privacy}{chapter.2}% 9
\BOOKMARK [2][-]{subsection.2.2.1}{Privacy definitions}{section.2.2}% 10
\BOOKMARK [2][-]{subsection.2.2.2}{Privacy Protection Goals}{section.2.2}% 11
\BOOKMARK [2][-]{subsection.2.2.3}{European Union Legislation}{section.2.2}% 12
\BOOKMARK [2][-]{subsection.2.2.4}{Examples of Data Privacy Breaches}{section.2.2}% 13
\BOOKMARK [1][-]{section.2.3}{Privacy Implications of Personal Data Processing}{chapter.2}% 14
\BOOKMARK [2][-]{subsection.2.3.1}{Attack Models}{section.2.3}% 15
\BOOKMARK [1][-]{section.2.4}{Privacy-Preserving Techniques}{chapter.2}% 16
\BOOKMARK [2][-]{subsection.2.4.1}{Anonymization}{section.2.4}% 17
\BOOKMARK [2][-]{subsection.2.4.2}{Differential Privacy}{section.2.4}% 18
\BOOKMARK [2][-]{subsection.2.4.3}{Secure Multi-Party Computation}{section.2.4}% 19
\BOOKMARK [2][-]{subsection.2.4.4}{Oblivious Transfer}{section.2.4}% 20
\BOOKMARK [2][-]{subsection.2.4.5}{Garbled Circuits}{section.2.4}% 21
\BOOKMARK [2][-]{subsection.2.4.6}{Homomorphic Encryption}{section.2.4}% 22
\BOOKMARK [2][-]{subsection.2.4.7}{Functional Encryption}{section.2.4}% 23
\BOOKMARK [1][-]{section.2.5}{Privacy-Preserving Machine Learning}{chapter.2}% 24
\BOOKMARK [1][-]{section.2.6}{Use Cases}{chapter.2}% 25
\BOOKMARK [1][-]{section.2.7}{Summary}{chapter.2}% 26
\BOOKMARK [0][-]{chapter.3}{BARD}{}% 27
\BOOKMARK [1][-]{section.3.1}{Architecture}{chapter.3}% 28
\BOOKMARK [2][-]{subsection.3.1.1}{Internal Structure}{section.3.1}% 29
\BOOKMARK [1][-]{section.3.2}{Implementation}{chapter.3}% 30
\BOOKMARK [2][-]{subsection.3.2.1}{Datasets Used}{section.3.2}% 31
\BOOKMARK [2][-]{subsection.3.2.2}{Data Preprocessing}{section.3.2}% 32
\BOOKMARK [2][-]{subsection.3.2.3}{Baseline}{section.3.2}% 33
\BOOKMARK [2][-]{subsection.3.2.4}{Expanded Algorithms}{section.3.2}% 34
\BOOKMARK [2][-]{subsection.3.2.5}{Cryptographic Domain}{section.3.2}% 35
\BOOKMARK [1][-]{section.3.3}{Add meaningful title}{chapter.3}% 36
\BOOKMARK [1][-]{section.3.4}{Summary}{chapter.3}% 37
\BOOKMARK [0][-]{chapter.4}{Evaluation}{}% 38
\BOOKMARK [1][-]{section.4.1}{Summary}{chapter.4}% 39
\BOOKMARK [0][-]{chapter.5}{Conclusions and Future Work}{}% 40
\BOOKMARK [1][-]{section.5.1}{Conclusions}{chapter.5}% 41
\BOOKMARK [1][-]{section.5.2}{Future Work}{chapter.5}% 42
